<?xml version="1.0" encoding="UTF-8"?>
<testsuite name="com.kodilla.stream.array.ArrayOperationsTestSuite" tests="1" skipped="0" failures="0" errors="0" timestamp="2018-11-30T18:59:00" hostname="Komputer" time="0.012">
  <properties/>
  <testcase name="testGetAverage" classname="com.kodilla.stream.array.ArrayOperationsTestSuite" time="0.012"/>
  <system-out><![CDATA[1
15
42
35
11
]]></system-out>
  <system-err><![CDATA[]]></system-err>
</testsuite>
