<?xml version="1.0" encoding="UTF-8"?>
<testsuite name="com.kodilla.game.DataBaseTestSuite" tests="1" skipped="0" failures="0" errors="0" timestamp="2018-11-30T18:59:03" hostname="Komputer" time="0.073">
  <properties/>
  <testcase name="testDataBase" classname="com.kodilla.game.DataBaseTestSuite" time="0.073"/>
  <system-out><![CDATA[]]></system-out>
  <system-err><![CDATA[]]></system-err>
</testsuite>
