<?xml version="1.0" encoding="UTF-8"?>
<testsuite name="com.kodilla.testing.library.BookDirectoryTestSuite" tests="3" skipped="0" failures="0" errors="0" timestamp="2018-08-26T22:48:34" hostname="Komputer" time="0.01">
  <properties/>
  <testcase name="testListBooksWithConditionFragmentShorterThan3" classname="com.kodilla.testing.library.BookDirectoryTestSuite" time="0.008"/>
  <testcase name="testListBooksWithConditionMoreThan20" classname="com.kodilla.testing.library.BookDirectoryTestSuite" time="0.001"/>
  <testcase name="testListBookWithConditionsReturnList" classname="com.kodilla.testing.library.BookDirectoryTestSuite" time="0.0"/>
  <system-out><![CDATA[]]></system-out>
  <system-err><![CDATA[]]></system-err>
</testsuite>
