<?xml version="1.0" encoding="UTF-8"?>
<testsuite name="com.kodilla.patterns.builder.bigmac.BigMacTestSuite" tests="1" skipped="0" failures="0" errors="0" timestamp="2018-11-30T18:58:58" hostname="Komputer" time="0.004">
  <properties/>
  <testcase name="testBigMacBuilder" classname="com.kodilla.patterns.builder.bigmac.BigMacTestSuite" time="0.004"/>
  <system-out><![CDATA[BigMac{bun='pszenna', burgers=10, sauce='1000 wysp', ingredients=[bekon, krewetki]}
]]></system-out>
  <system-err><![CDATA[]]></system-err>
</testsuite>
