<?xml version="1.0" encoding="UTF-8"?>
<testsuite name="com.kodilla.patterns.prototype.BoardTestSuite" tests="1" skipped="0" failures="0" errors="0" timestamp="2018-11-30T18:58:58" hostname="Komputer" time="0.013">
  <properties/>
  <testcase name="testToString" classname="com.kodilla.patterns.prototype.BoardTestSuite" time="0.013"/>
  <system-out><![CDATA[Board [Project number 1]
   List [Done Tasks]
      Task [Done Task number 1]
      Task [Done Task number 2]
      Task [Done Task number 3]
      Task [Done Task number 4]
      Task [Done Task number 5]
      Task [Done Task number 6]
      Task [Done Task number 7]
      Task [Done Task number 8]
      Task [Done Task number 9]
      Task [Done Task number 10]
   List [In Progress Tasks]
      Task [In Progress Task number 1]
      Task [In Progress Task number 2]
      Task [In Progress Task number 3]
      Task [In Progress Task number 4]
      Task [In Progress Task number 5]
      Task [In Progress Task number 6]
      Task [In Progress Task number 7]
      Task [In Progress Task number 8]
      Task [In Progress Task number 9]
      Task [In Progress Task number 10]

Board [Project number 2]
   List [Done Tasks]
      Task [Done Task number 1]
      Task [Done Task number 2]
      Task [Done Task number 3]
      Task [Done Task number 4]
      Task [Done Task number 5]
      Task [Done Task number 6]
      Task [Done Task number 7]
      Task [Done Task number 8]
      Task [Done Task number 9]
      Task [Done Task number 10]
   List [In Progress Tasks]
      Task [In Progress Task number 1]
      Task [In Progress Task number 2]
      Task [In Progress Task number 3]
      Task [In Progress Task number 4]
      Task [In Progress Task number 5]
      Task [In Progress Task number 6]
      Task [In Progress Task number 7]
      Task [In Progress Task number 8]
      Task [In Progress Task number 9]
      Task [In Progress Task number 10]

Board [Project number 3]
   List [In Progress Tasks]
      Task [In Progress Task number 1]
      Task [In Progress Task number 2]
      Task [In Progress Task number 3]
      Task [In Progress Task number 4]
      Task [In Progress Task number 5]
      Task [In Progress Task number 6]
      Task [In Progress Task number 7]
      Task [In Progress Task number 8]
      Task [In Progress Task number 9]
      Task [In Progress Task number 10]
   List [To Do Tasks]
      Task [To Do Task Number 1]
      Task [To Do Task Number 2]
      Task [To Do Task Number 3]
      Task [To Do Task Number 4]
      Task [To Do Task Number 5]
      Task [To Do Task Number 6]
      Task [To Do Task Number 7]
      Task [To Do Task Number 8]
      Task [To Do Task Number 9]
      Task [To Do Task Number 10]
   List [Done Tasks]
      Task [Done Task number 1]
      Task [Done Task number 2]
      Task [Done Task number 3]
      Task [Done Task number 4]
      Task [Done Task number 5]
      Task [Done Task number 6]
      Task [Done Task number 7]
      Task [Done Task number 8]
      Task [Done Task number 9]
      Task [Done Task number 10]

]]></system-out>
  <system-err><![CDATA[]]></system-err>
</testsuite>
