<?xml version="1.0" encoding="UTF-8"?>
<testsuite name="com.kodilla.patterns.prototype.library.LibraryTestSuite" tests="1" skipped="0" failures="0" errors="0" timestamp="2018-11-30T18:58:58" hostname="Komputer" time="0.004">
  <properties/>
  <testcase name="testGetBook" classname="com.kodilla.patterns.prototype.library.LibraryTestSuite" time="0.004"/>
  <system-out><![CDATA[]]></system-out>
  <system-err><![CDATA[]]></system-err>
</testsuite>
