<?xml version="1.0" encoding="UTF-8"?>
<testsuite name="com.kodilla.jdbc.DbManagerTestSuite" tests="3" skipped="0" failures="0" errors="0" timestamp="2018-11-30T18:58:56" hostname="Komputer" time="0.138">
  <properties/>
  <testcase name="testConnection" classname="com.kodilla.jdbc.DbManagerTestSuite" time="0.122"/>
  <testcase name="testSelectUsers" classname="com.kodilla.jdbc.DbManagerTestSuite" time="0.014"/>
  <testcase name="testSelectUsersAndPosts" classname="com.kodilla.jdbc.DbManagerTestSuite" time="0.001"/>
  <system-out><![CDATA[1, John, Smith
2, MARK, BRODACZ
3, Zachary, Lee
4, Stephanie, Kovalsky
5, Thomas, Landgren
6, John, Thomson
7, Zachary, Lee
8, Stephanie, Kovalsky
9, Thomas, Landgren
10, John, Thomson
11, Zachary, Lee
12, Stephanie, Kovalsky
13, Thomas, Landgren
14, John, Thomson
John, Smith, 4
MARK, BRODACZ, 6
Stephanie, Kovalsky, 3
]]></system-out>
  <system-err><![CDATA[]]></system-err>
</testsuite>
